2020-01-15 09:49:22.284  INFO 11796 --- [main] de.srs.appliance.ApplianceApplication    : Starting ApplianceApplication on DESKTOP-TCLBBLO with PID 11796 (started by hp in E:\University of Bamberg\REST API Project\option-a2\Appliance-Service)
2020-01-15 09:49:22.294  INFO 11796 --- [main] de.srs.appliance.ApplianceApplication    : No active profile set, falling back to default profiles: default
2020-01-15 09:49:25.380  INFO 11796 --- [main] .s.d.r.c.RepositoryConfigurationDelegate : Multiple Spring Data modules found, entering strict repository configuration mode!
2020-01-15 09:49:25.383  INFO 11796 --- [main] .s.d.r.c.RepositoryConfigurationDelegate : Bootstrapping Spring Data repositories in DEFAULT mode.
2020-01-15 09:49:25.705  INFO 11796 --- [main] .s.d.r.c.RepositoryConfigurationDelegate : Finished Spring Data repository scanning in 308ms. Found 5 repository interfaces.
2020-01-15 09:49:25.730  INFO 11796 --- [main] .s.d.r.c.RepositoryConfigurationDelegate : Multiple Spring Data modules found, entering strict repository configuration mode!
2020-01-15 09:49:25.732  INFO 11796 --- [main] .s.d.r.c.RepositoryConfigurationDelegate : Bootstrapping Spring Data repositories in DEFAULT mode.
2020-01-15 09:49:25.757  INFO 11796 --- [main] .RepositoryConfigurationExtensionSupport : Spring Data Redis - Could not safely identify store assignment for repository candidate interface de.srs.appliance.repository.ApplianceRepository.
2020-01-15 09:49:25.758  INFO 11796 --- [main] .RepositoryConfigurationExtensionSupport : Spring Data Redis - Could not safely identify store assignment for repository candidate interface de.srs.appliance.repository.ApplianceTypeRepository.
2020-01-15 09:49:25.763  INFO 11796 --- [main] .RepositoryConfigurationExtensionSupport : Spring Data Redis - Could not safely identify store assignment for repository candidate interface de.srs.appliance.repository.RentRepository.
2020-01-15 09:49:25.764  INFO 11796 --- [main] .RepositoryConfigurationExtensionSupport : Spring Data Redis - Could not safely identify store assignment for repository candidate interface de.srs.appliance.repository.StudentRepository.
2020-01-15 09:49:25.766  INFO 11796 --- [main] .RepositoryConfigurationExtensionSupport : Spring Data Redis - Could not safely identify store assignment for repository candidate interface de.srs.appliance.repository.UserRepository.
2020-01-15 09:49:25.766  INFO 11796 --- [main] .s.d.r.c.RepositoryConfigurationDelegate : Finished Spring Data repository scanning in 21ms. Found 0 repository interfaces.
2020-01-15 09:49:26.468  INFO 11796 --- [main] trationDelegate$BeanPostProcessorChecker : Bean 'org.springframework.transaction.annotation.ProxyTransactionManagementConfiguration' of type [org.springframework.transaction.annotation.ProxyTransactionManagementConfiguration$$EnhancerBySpringCGLIB$$97c40e49] is not eligible for getting processed by all BeanPostProcessors (for example: not eligible for auto-proxying)
2020-01-15 09:49:26.578  INFO 11796 --- [main] trationDelegate$BeanPostProcessorChecker : Bean 'org.springframework.hateoas.config.HateoasConfiguration' of type [org.springframework.hateoas.config.HateoasConfiguration$$EnhancerBySpringCGLIB$$17445b7b] is not eligible for getting processed by all BeanPostProcessors (for example: not eligible for auto-proxying)
2020-01-15 09:49:27.229  INFO 11796 --- [main] o.s.b.w.embedded.tomcat.TomcatWebServer  : Tomcat initialized with port(s): 9850 (http)
2020-01-15 09:49:27.274  INFO 11796 --- [main] o.apache.catalina.core.StandardService   : Starting service [Tomcat]
2020-01-15 09:49:27.277  INFO 11796 --- [main] org.apache.catalina.core.StandardEngine  : Starting Servlet engine: [Apache Tomcat/9.0.22]
2020-01-15 09:49:27.496  INFO 11796 --- [main] o.a.c.c.C.[Tomcat].[localhost].[/api]    : Initializing Spring embedded WebApplicationContext
2020-01-15 09:49:27.497 DEBUG 11796 --- [main] o.s.web.context.ContextLoader            : Published root WebApplicationContext as ServletContext attribute with name [org.springframework.web.context.WebApplicationContext.ROOT]
2020-01-15 09:49:27.497  INFO 11796 --- [main] o.s.web.context.ContextLoader            : Root WebApplicationContext: initialization completed in 5122 ms
2020-01-15 09:49:28.406  INFO 11796 --- [main] com.zaxxer.hikari.HikariDataSource       : HikariPool-1 - Starting...
2020-01-15 09:49:28.588  INFO 11796 --- [main] com.zaxxer.hikari.HikariDataSource       : HikariPool-1 - Start completed.
2020-01-15 09:49:31.186  INFO 11796 --- [main] j.LocalContainerEntityManagerFactoryBean : Initialized JPA EntityManagerFactory for persistence unit 'default'
2020-01-15 09:49:32.923  WARN 11796 --- [main] aWebConfiguration$JpaWebMvcConfiguration : spring.jpa.open-in-view is enabled by default. Therefore, database queries may be performed during view rendering. Explicitly configure spring.jpa.open-in-view to disable this warning
2020-01-15 09:49:33.008 DEBUG 11796 --- [main] s.w.s.m.m.a.RequestMappingHandlerMapping : 17 mappings in 'requestMappingHandlerMapping'
2020-01-15 09:49:33.213  INFO 11796 --- [main] pertySourcedRequestMappingHandlerMapping : Mapped URL path [/api-docs] onto method [public org.springframework.http.ResponseEntity<springfox.documentation.spring.web.json.Json> springfox.documentation.swagger2.web.Swagger2Controller.getDocumentation(java.lang.String,javax.servlet.http.HttpServletRequest)]
2020-01-15 09:49:33.282 DEBUG 11796 --- [main] o.s.w.s.handler.SimpleUrlHandlerMapping  : Patterns [/**/favicon.ico] in 'faviconHandlerMapping'
2020-01-15 09:49:33.394  INFO 11796 --- [main] o.s.s.concurrent.ThreadPoolTaskExecutor  : Initializing ExecutorService 'applicationTaskExecutor'
2020-01-15 09:49:33.463 DEBUG 11796 --- [main] s.w.s.m.m.a.RequestMappingHandlerAdapter : ControllerAdvice beans: 0 @ModelAttribute, 0 @InitBinder, 1 RequestBodyAdvice, 1 ResponseBodyAdvice
2020-01-15 09:49:33.518 DEBUG 11796 --- [main] o.s.w.s.handler.SimpleUrlHandlerMapping  : Patterns [/webjars/**, /**] in 'resourceHandlerMapping'
2020-01-15 09:49:33.531 DEBUG 11796 --- [main] .m.m.a.ExceptionHandlerExceptionResolver : ControllerAdvice beans: 0 @ExceptionHandler, 1 ResponseBodyAdvice
2020-01-15 09:49:33.909  INFO 11796 --- [main] d.s.w.p.DocumentationPluginsBootstrapper : Context refreshed
2020-01-15 09:49:34.059  INFO 11796 --- [main] d.s.w.p.DocumentationPluginsBootstrapper : Found 1 custom documentation plugin(s)
2020-01-15 09:49:34.132  INFO 11796 --- [main] s.d.s.w.s.ApiListingReferenceScanner     : Scanning for api listing references
2020-01-15 09:49:34.721  INFO 11796 --- [main] o.s.b.w.embedded.tomcat.TomcatWebServer  : Tomcat started on port(s): 9850 (http) with context path '/api'
2020-01-15 09:49:34.726  INFO 11796 --- [main] de.srs.appliance.ApplianceApplication    : Started ApplianceApplication in 13.1 seconds (JVM running for 13.61)
2020-01-15 09:50:11.129  INFO 11796 --- [http-nio-9850-exec-2] o.a.c.c.C.[Tomcat].[localhost].[/api]    : Initializing Spring DispatcherServlet 'dispatcherServlet'
2020-01-15 09:50:11.129  INFO 11796 --- [http-nio-9850-exec-2] o.s.web.servlet.DispatcherServlet        : Initializing Servlet 'dispatcherServlet'
2020-01-15 09:50:11.130 DEBUG 11796 --- [http-nio-9850-exec-2] o.s.web.servlet.DispatcherServlet        : Detected StandardServletMultipartResolver
2020-01-15 09:50:11.146 DEBUG 11796 --- [http-nio-9850-exec-2] o.s.web.servlet.DispatcherServlet        : enableLoggingRequestDetails='false': request parameters and headers will be masked to prevent unsafe logging of potentially sensitive data
2020-01-15 09:50:11.146  INFO 11796 --- [http-nio-9850-exec-2] o.s.web.servlet.DispatcherServlet        : Completed initialization in 17 ms
2020-01-15 09:50:11.362 DEBUG 11796 --- [http-nio-9850-exec-2] o.s.web.servlet.DispatcherServlet        : GET "/api/v1/appliances?pageNumber=0", parameters={masked}
2020-01-15 09:50:11.378 DEBUG 11796 --- [http-nio-9850-exec-2] s.w.s.m.m.a.RequestMappingHandlerMapping : Mapped to public org.springframework.http.ResponseEntity<?> de.srs.appliance.api.HomeApplianceApiController.v1AppliancesGet(java.lang.Integer,java.lang.String,java.lang.String,java.lang.String)
2020-01-15 09:50:11.674 DEBUG 11796 --- [http-nio-9850-exec-2] o.s.w.s.m.m.a.HttpEntityMethodProcessor  : Using 'application/json', given [application/json] and supported [application/json]
2020-01-15 09:50:11.761 DEBUG 11796 --- [http-nio-9850-exec-2] o.s.w.s.m.m.a.HttpEntityMethodProcessor  : Writing [Resources { content: [links: [<http://localhost:9850/api/v1/appliances/273>;rel="Delete"], links: [< (truncated)...]
2020-01-15 09:50:11.849 DEBUG 11796 --- [http-nio-9850-exec-2] o.s.web.servlet.DispatcherServlet        : Completed 202 ACCEPTED
2020-01-15 23:49:52.127  INFO 4808 --- [main] de.srs.appliance.ApplianceApplication    : Starting ApplianceApplication on DESKTOP-TCLBBLO with PID 4808 (started by hp in E:\University of Bamberg\REST API Project\option-a2\Appliance-Service)
2020-01-15 23:49:52.161  INFO 4808 --- [main] de.srs.appliance.ApplianceApplication    : No active profile set, falling back to default profiles: default
2020-01-15 23:49:54.636  INFO 4808 --- [main] .s.d.r.c.RepositoryConfigurationDelegate : Multiple Spring Data modules found, entering strict repository configuration mode!
2020-01-15 23:49:54.640  INFO 4808 --- [main] .s.d.r.c.RepositoryConfigurationDelegate : Bootstrapping Spring Data repositories in DEFAULT mode.
2020-01-15 23:49:54.962  INFO 4808 --- [main] .s.d.r.c.RepositoryConfigurationDelegate : Finished Spring Data repository scanning in 308ms. Found 5 repository interfaces.
2020-01-15 23:49:54.996  INFO 4808 --- [main] .s.d.r.c.RepositoryConfigurationDelegate : Multiple Spring Data modules found, entering strict repository configuration mode!
2020-01-15 23:49:54.999  INFO 4808 --- [main] .s.d.r.c.RepositoryConfigurationDelegate : Bootstrapping Spring Data repositories in DEFAULT mode.
2020-01-15 23:49:55.052  INFO 4808 --- [main] .RepositoryConfigurationExtensionSupport : Spring Data Redis - Could not safely identify store assignment for repository candidate interface de.srs.appliance.repository.ApplianceRepository.
2020-01-15 23:49:55.056  INFO 4808 --- [main] .RepositoryConfigurationExtensionSupport : Spring Data Redis - Could not safely identify store assignment for repository candidate interface de.srs.appliance.repository.ApplianceTypeRepository.
2020-01-15 23:49:55.059  INFO 4808 --- [main] .RepositoryConfigurationExtensionSupport : Spring Data Redis - Could not safely identify store assignment for repository candidate interface de.srs.appliance.repository.RentRepository.
2020-01-15 23:49:55.060  INFO 4808 --- [main] .RepositoryConfigurationExtensionSupport : Spring Data Redis - Could not safely identify store assignment for repository candidate interface de.srs.appliance.repository.StudentRepository.
2020-01-15 23:49:55.063  INFO 4808 --- [main] .RepositoryConfigurationExtensionSupport : Spring Data Redis - Could not safely identify store assignment for repository candidate interface de.srs.appliance.repository.UserRepository.
2020-01-15 23:49:55.064  INFO 4808 --- [main] .s.d.r.c.RepositoryConfigurationDelegate : Finished Spring Data repository scanning in 28ms. Found 0 repository interfaces.
2020-01-15 23:49:56.404  INFO 4808 --- [main] trationDelegate$BeanPostProcessorChecker : Bean 'org.springframework.transaction.annotation.ProxyTransactionManagementConfiguration' of type [org.springframework.transaction.annotation.ProxyTransactionManagementConfiguration$$EnhancerBySpringCGLIB$$de1fb3e4] is not eligible for getting processed by all BeanPostProcessors (for example: not eligible for auto-proxying)
2020-01-15 23:49:56.570  INFO 4808 --- [main] trationDelegate$BeanPostProcessorChecker : Bean 'org.springframework.hateoas.config.HateoasConfiguration' of type [org.springframework.hateoas.config.HateoasConfiguration$$EnhancerBySpringCGLIB$$5da00116] is not eligible for getting processed by all BeanPostProcessors (for example: not eligible for auto-proxying)
2020-01-15 23:49:57.351  INFO 4808 --- [main] o.s.b.w.embedded.tomcat.TomcatWebServer  : Tomcat initialized with port(s): 9850 (http)
2020-01-15 23:49:57.398  INFO 4808 --- [main] o.apache.catalina.core.StandardService   : Starting service [Tomcat]
2020-01-15 23:49:57.399  INFO 4808 --- [main] org.apache.catalina.core.StandardEngine  : Starting Servlet engine: [Apache Tomcat/9.0.22]
2020-01-15 23:49:57.667  INFO 4808 --- [main] o.a.c.c.C.[Tomcat].[localhost].[/api]    : Initializing Spring embedded WebApplicationContext
2020-01-15 23:49:57.670 DEBUG 4808 --- [main] o.s.web.context.ContextLoader            : Published root WebApplicationContext as ServletContext attribute with name [org.springframework.web.context.WebApplicationContext.ROOT]
2020-01-15 23:49:57.671  INFO 4808 --- [main] o.s.web.context.ContextLoader            : Root WebApplicationContext: initialization completed in 5402 ms
2020-01-15 23:49:58.527  INFO 4808 --- [main] com.zaxxer.hikari.HikariDataSource       : HikariPool-1 - Starting...
2020-01-15 23:49:58.771  INFO 4808 --- [main] com.zaxxer.hikari.HikariDataSource       : HikariPool-1 - Start completed.
2020-01-15 23:50:01.994  INFO 4808 --- [main] j.LocalContainerEntityManagerFactoryBean : Initialized JPA EntityManagerFactory for persistence unit 'default'
2020-01-15 23:50:03.735  WARN 4808 --- [main] aWebConfiguration$JpaWebMvcConfiguration : spring.jpa.open-in-view is enabled by default. Therefore, database queries may be performed during view rendering. Explicitly configure spring.jpa.open-in-view to disable this warning
2020-01-15 23:50:03.858 DEBUG 4808 --- [main] s.w.s.m.m.a.RequestMappingHandlerMapping : 17 mappings in 'requestMappingHandlerMapping'
2020-01-15 23:50:04.039  INFO 4808 --- [main] pertySourcedRequestMappingHandlerMapping : Mapped URL path [/api-docs] onto method [public org.springframework.http.ResponseEntity<springfox.documentation.spring.web.json.Json> springfox.documentation.swagger2.web.Swagger2Controller.getDocumentation(java.lang.String,javax.servlet.http.HttpServletRequest)]
2020-01-15 23:50:04.129 DEBUG 4808 --- [main] o.s.w.s.handler.SimpleUrlHandlerMapping  : Patterns [/**/favicon.ico] in 'faviconHandlerMapping'
2020-01-15 23:50:04.285  INFO 4808 --- [main] o.s.s.concurrent.ThreadPoolTaskExecutor  : Initializing ExecutorService 'applicationTaskExecutor'
2020-01-15 23:50:04.334 DEBUG 4808 --- [main] s.w.s.m.m.a.RequestMappingHandlerAdapter : ControllerAdvice beans: 0 @ModelAttribute, 0 @InitBinder, 1 RequestBodyAdvice, 1 ResponseBodyAdvice
2020-01-15 23:50:04.409 DEBUG 4808 --- [main] o.s.w.s.handler.SimpleUrlHandlerMapping  : Patterns [/webjars/**, /**] in 'resourceHandlerMapping'
2020-01-15 23:50:04.427 DEBUG 4808 --- [main] .m.m.a.ExceptionHandlerExceptionResolver : ControllerAdvice beans: 0 @ExceptionHandler, 1 ResponseBodyAdvice
2020-01-15 23:50:05.078  INFO 4808 --- [main] d.s.w.p.DocumentationPluginsBootstrapper : Context refreshed
2020-01-15 23:50:05.157  INFO 4808 --- [main] d.s.w.p.DocumentationPluginsBootstrapper : Found 1 custom documentation plugin(s)
2020-01-15 23:50:05.273  INFO 4808 --- [main] s.d.s.w.s.ApiListingReferenceScanner     : Scanning for api listing references
2020-01-15 23:50:05.900  INFO 4808 --- [main] o.s.b.w.embedded.tomcat.TomcatWebServer  : Tomcat started on port(s): 9850 (http) with context path '/api'
2020-01-15 23:50:05.910  INFO 4808 --- [main] de.srs.appliance.ApplianceApplication    : Started ApplianceApplication in 14.574 seconds (JVM running for 15.302)
2020-01-15 23:50:40.797  INFO 4808 --- [http-nio-9850-exec-8] o.a.c.c.C.[Tomcat].[localhost].[/api]    : Initializing Spring DispatcherServlet 'dispatcherServlet'
2020-01-15 23:50:40.797  INFO 4808 --- [http-nio-9850-exec-8] o.s.web.servlet.DispatcherServlet        : Initializing Servlet 'dispatcherServlet'
2020-01-15 23:50:40.798 DEBUG 4808 --- [http-nio-9850-exec-8] o.s.web.servlet.DispatcherServlet        : Detected StandardServletMultipartResolver
2020-01-15 23:50:40.817 DEBUG 4808 --- [http-nio-9850-exec-8] o.s.web.servlet.DispatcherServlet        : enableLoggingRequestDetails='false': request parameters and headers will be masked to prevent unsafe logging of potentially sensitive data
2020-01-15 23:50:40.817  INFO 4808 --- [http-nio-9850-exec-8] o.s.web.servlet.DispatcherServlet        : Completed initialization in 20 ms
2020-01-15 23:50:40.923 DEBUG 4808 --- [http-nio-9850-exec-8] o.s.web.servlet.DispatcherServlet        : GET "/api/v1/appliances?pageNumber=0", parameters={masked}
2020-01-15 23:50:40.935 DEBUG 4808 --- [http-nio-9850-exec-8] s.w.s.m.m.a.RequestMappingHandlerMapping : Mapped to public org.springframework.http.ResponseEntity<?> de.srs.appliance.api.HomeApplianceApiController.v1AppliancesGet(java.lang.Integer,java.lang.String,java.lang.Integer,java.lang.String)
2020-01-15 23:50:41.466 DEBUG 4808 --- [http-nio-9850-exec-8] o.s.w.s.m.m.a.HttpEntityMethodProcessor  : Using 'application/json', given [application/json] and supported [application/json]
2020-01-15 23:50:41.547 DEBUG 4808 --- [http-nio-9850-exec-8] o.s.w.s.m.m.a.HttpEntityMethodProcessor  : Writing [links: []]
2020-01-15 23:50:41.658 DEBUG 4808 --- [http-nio-9850-exec-8] o.s.web.servlet.DispatcherServlet        : Completed 202 ACCEPTED
2020-01-15 23:51:03.845 DEBUG 4808 --- [http-nio-9850-exec-9] o.s.web.servlet.DispatcherServlet        : GET "/api/v1/appliances?pageNumber=0", parameters={masked}
2020-01-15 23:51:03.846 DEBUG 4808 --- [http-nio-9850-exec-9] s.w.s.m.m.a.RequestMappingHandlerMapping : Mapped to public org.springframework.http.ResponseEntity<?> de.srs.appliance.api.HomeApplianceApiController.v1AppliancesGet(java.lang.Integer,java.lang.String,java.lang.Integer,java.lang.String)
2020-01-15 23:51:03.863 DEBUG 4808 --- [http-nio-9850-exec-9] o.s.w.s.m.m.a.HttpEntityMethodProcessor  : Using 'application/json', given [application/json] and supported [application/json]
2020-01-15 23:51:03.864 DEBUG 4808 --- [http-nio-9850-exec-9] o.s.w.s.m.m.a.HttpEntityMethodProcessor  : Writing [links: []]
2020-01-15 23:51:03.872 DEBUG 4808 --- [http-nio-9850-exec-9] o.s.web.servlet.DispatcherServlet        : Completed 202 ACCEPTED
2020-01-15 23:59:18.847 DEBUG 4808 --- [http-nio-9850-exec-5] o.s.web.servlet.DispatcherServlet        : GET "/api/v1/appliances?pageNumber=0", parameters={masked}
2020-01-15 23:59:18.852 DEBUG 4808 --- [http-nio-9850-exec-5] s.w.s.m.m.a.RequestMappingHandlerMapping : Mapped to public org.springframework.http.ResponseEntity<?> de.srs.appliance.api.HomeApplianceApiController.v1AppliancesGet(java.lang.Integer,java.lang.String,java.lang.Integer,java.lang.String)
2020-01-15 23:59:18.887 DEBUG 4808 --- [http-nio-9850-exec-5] o.s.w.s.m.m.a.HttpEntityMethodProcessor  : Using 'application/json', given [application/json] and supported [application/json]
2020-01-15 23:59:18.888 DEBUG 4808 --- [http-nio-9850-exec-5] o.s.w.s.m.m.a.HttpEntityMethodProcessor  : Writing [links: [<http://localhost:9852/api/v1/appliances?pageNumber=1>;rel="Next"]]
2020-01-15 23:59:18.893 DEBUG 4808 --- [http-nio-9850-exec-5] o.s.web.servlet.DispatcherServlet        : Completed 202 ACCEPTED
